Analysis & Synthesis report for DE1_SOC_golden_top
Tue Oct 30 17:46:27 2018
Quartus Prime Version 18.0.0 Build 614 04/24/2018 SJ Lite Edition


---------------------
; Table of Contents ;
---------------------
  1. Legal Notice
  2. Analysis & Synthesis Summary
  3. Analysis & Synthesis Settings
  4. Parallel Compilation
  5. Analysis & Synthesis Source Files Read
  6. Analysis & Synthesis Resource Usage Summary
  7. Analysis & Synthesis Resource Utilization by Entity
  8. Analysis & Synthesis DSP Block Usage Summary
  9. State Machine - |DE1_top|stopwatch:u2|current_state
 10. Registers Removed During Synthesis
 11. General Register Statistics
 12. Multiplexer Restructuring Statistics (Restructuring Performed)
 13. Parameter Settings for User Entity Instance: gen_counter:u1
 14. Port Connectivity Checks: "gen_counter:u1"
 15. Post-Synthesis Netlist Statistics for Top Partition
 16. Elapsed Time Per Partition
 17. Analysis & Synthesis Messages



----------------
; Legal Notice ;
----------------
Copyright (C) 2018  Intel Corporation. All rights reserved.
Your use of Intel Corporation's design tools, logic functions 
and other software and tools, and its AMPP partner logic 
functions, and any output files from any of the foregoing 
(including device programming or simulation files), and any 
associated documentation or information are expressly subject 
to the terms and conditions of the Intel Program License 
Subscription Agreement, the Intel Quartus Prime License Agreement,
the Intel FPGA IP License Agreement, or other applicable license
agreement, including, without limitation, that your use is for
the sole purpose of programming logic devices manufactured by
Intel and sold by Intel or its authorized distributors.  Please
refer to the applicable agreement for further details.



+-------------------------------------------------------------------------------+
; Analysis & Synthesis Summary                                                  ;
+---------------------------------+---------------------------------------------+
; Analysis & Synthesis Status     ; Successful - Tue Oct 30 17:46:27 2018       ;
; Quartus Prime Version           ; 18.0.0 Build 614 04/24/2018 SJ Lite Edition ;
; Revision Name                   ; DE1_SOC_golden_top                          ;
; Top-level Entity Name           ; DE1_top                                     ;
; Family                          ; Cyclone V                                   ;
; Logic utilization (in ALMs)     ; N/A                                         ;
; Total registers                 ; 231                                         ;
; Total pins                      ; 67                                          ;
; Total virtual pins              ; 0                                           ;
; Total block memory bits         ; 0                                           ;
; Total DSP Blocks                ; 4                                           ;
; Total HSSI RX PCSs              ; 0                                           ;
; Total HSSI PMA RX Deserializers ; 0                                           ;
; Total HSSI TX PCSs              ; 0                                           ;
; Total HSSI PMA TX Serializers   ; 0                                           ;
; Total PLLs                      ; 0                                           ;
; Total DLLs                      ; 0                                           ;
+---------------------------------+---------------------------------------------+


+---------------------------------------------------------------------------------------------------------------------------+
; Analysis & Synthesis Settings                                                                                             ;
+---------------------------------------------------------------------------------+--------------------+--------------------+
; Option                                                                          ; Setting            ; Default Value      ;
+---------------------------------------------------------------------------------+--------------------+--------------------+
; Device                                                                          ; 5CSEMA5F31C6       ;                    ;
; Top-level entity name                                                           ; DE1_top            ; DE1_SOC_golden_top ;
; Family name                                                                     ; Cyclone V          ; Cyclone V          ;
; Use smart compilation                                                           ; Off                ; Off                ;
; Enable parallel Assembler and Timing Analyzer during compilation                ; On                 ; On                 ;
; Enable compact report table                                                     ; Off                ; Off                ;
; Restructure Multiplexers                                                        ; Auto               ; Auto               ;
; MLAB Add Timing Constraints For Mixed-Port Feed-Through Mode Setting Don't Care ; Off                ; Off                ;
; Create Debugging Nodes for IP Cores                                             ; Off                ; Off                ;
; Preserve fewer node names                                                       ; On                 ; On                 ;
; Intel FPGA IP Evaluation Mode                                                   ; Enable             ; Enable             ;
; Verilog Version                                                                 ; Verilog_2001       ; Verilog_2001       ;
; VHDL Version                                                                    ; VHDL_1993          ; VHDL_1993          ;
; State Machine Processing                                                        ; Auto               ; Auto               ;
; Safe State Machine                                                              ; Off                ; Off                ;
; Extract Verilog State Machines                                                  ; On                 ; On                 ;
; Extract VHDL State Machines                                                     ; On                 ; On                 ;
; Ignore Verilog initial constructs                                               ; Off                ; Off                ;
; Iteration limit for constant Verilog loops                                      ; 5000               ; 5000               ;
; Iteration limit for non-constant Verilog loops                                  ; 250                ; 250                ;
; Add Pass-Through Logic to Inferred RAMs                                         ; On                 ; On                 ;
; Infer RAMs from Raw Logic                                                       ; On                 ; On                 ;
; Parallel Synthesis                                                              ; On                 ; On                 ;
; DSP Block Balancing                                                             ; Auto               ; Auto               ;
; NOT Gate Push-Back                                                              ; On                 ; On                 ;
; Power-Up Don't Care                                                             ; On                 ; On                 ;
; Remove Redundant Logic Cells                                                    ; Off                ; Off                ;
; Remove Duplicate Registers                                                      ; On                 ; On                 ;
; Ignore CARRY Buffers                                                            ; Off                ; Off                ;
; Ignore CASCADE Buffers                                                          ; Off                ; Off                ;
; Ignore GLOBAL Buffers                                                           ; Off                ; Off                ;
; Ignore ROW GLOBAL Buffers                                                       ; Off                ; Off                ;
; Ignore LCELL Buffers                                                            ; Off                ; Off                ;
; Ignore SOFT Buffers                                                             ; On                 ; On                 ;
; Limit AHDL Integers to 32 Bits                                                  ; Off                ; Off                ;
; Optimization Technique                                                          ; Balanced           ; Balanced           ;
; Carry Chain Length                                                              ; 70                 ; 70                 ;
; Auto Carry Chains                                                               ; On                 ; On                 ;
; Auto Open-Drain Pins                                                            ; On                 ; On                 ;
; Perform WYSIWYG Primitive Resynthesis                                           ; Off                ; Off                ;
; Auto ROM Replacement                                                            ; On                 ; On                 ;
; Auto RAM Replacement                                                            ; On                 ; On                 ;
; Auto DSP Block Replacement                                                      ; On                 ; On                 ;
; Auto Shift Register Replacement                                                 ; Auto               ; Auto               ;
; Allow Shift Register Merging across Hierarchies                                 ; Auto               ; Auto               ;
; Auto Clock Enable Replacement                                                   ; On                 ; On                 ;
; Strict RAM Replacement                                                          ; Off                ; Off                ;
; Allow Synchronous Control Signals                                               ; On                 ; On                 ;
; Force Use of Synchronous Clear Signals                                          ; Off                ; Off                ;
; Auto Resource Sharing                                                           ; Off                ; Off                ;
; Allow Any RAM Size For Recognition                                              ; Off                ; Off                ;
; Allow Any ROM Size For Recognition                                              ; Off                ; Off                ;
; Allow Any Shift Register Size For Recognition                                   ; Off                ; Off                ;
; Use LogicLock Constraints during Resource Balancing                             ; On                 ; On                 ;
; Ignore translate_off and synthesis_off directives                               ; Off                ; Off                ;
; Timing-Driven Synthesis                                                         ; On                 ; On                 ;
; Report Parameter Settings                                                       ; On                 ; On                 ;
; Report Source Assignments                                                       ; On                 ; On                 ;
; Report Connectivity Checks                                                      ; On                 ; On                 ;
; Ignore Maximum Fan-Out Assignments                                              ; Off                ; Off                ;
; Synchronization Register Chain Length                                           ; 3                  ; 3                  ;
; Power Optimization During Synthesis                                             ; Normal compilation ; Normal compilation ;
; HDL message level                                                               ; Level2             ; Level2             ;
; Suppress Register Optimization Related Messages                                 ; Off                ; Off                ;
; Number of Removed Registers Reported in Synthesis Report                        ; 5000               ; 5000               ;
; Number of Swept Nodes Reported in Synthesis Report                              ; 5000               ; 5000               ;
; Number of Inverted Registers Reported in Synthesis Report                       ; 100                ; 100                ;
; Clock MUX Protection                                                            ; On                 ; On                 ;
; Auto Gated Clock Conversion                                                     ; Off                ; Off                ;
; Block Design Naming                                                             ; Auto               ; Auto               ;
; SDC constraint protection                                                       ; Off                ; Off                ;
; Synthesis Effort                                                                ; Auto               ; Auto               ;
; Shift Register Replacement - Allow Asynchronous Clear Signal                    ; On                 ; On                 ;
; Pre-Mapping Resynthesis Optimization                                            ; Off                ; Off                ;
; Analysis & Synthesis Message Level                                              ; Medium             ; Medium             ;
; Disable Register Merging Across Hierarchies                                     ; Auto               ; Auto               ;
; Resource Aware Inference For Block RAM                                          ; On                 ; On                 ;
; Automatic Parallel Synthesis                                                    ; On                 ; On                 ;
; Partial Reconfiguration Bitstream ID                                            ; Off                ; Off                ;
+---------------------------------------------------------------------------------+--------------------+--------------------+


+------------------------------------------+
; Parallel Compilation                     ;
+----------------------------+-------------+
; Processors                 ; Number      ;
+----------------------------+-------------+
; Number detected on machine ; 8           ;
; Maximum allowed            ; 4           ;
;                            ;             ;
; Average used               ; 1.00        ;
; Maximum used               ; 4           ;
;                            ;             ;
; Usage by Processor         ; % Time Used ;
;     Processor 1            ; 100.0%      ;
;     Processor 2            ;   0.0%      ;
;     Processor 3            ;   0.0%      ;
;     Processor 4            ;   0.0%      ;
+----------------------------+-------------+


+-----------------------------------------------------------------------------------------------------------------------------------------------------------------------------------------------+
; Analysis & Synthesis Source Files Read                                                                                                                                                        ;
+----------------------------------+-----------------+-----------------+--------------------------------------------------------------------------------------------------------------+---------+
; File Name with User-Entered Path ; Used in Netlist ; File Type       ; File Name with Absolute Path                                                                                 ; Library ;
+----------------------------------+-----------------+-----------------+--------------------------------------------------------------------------------------------------------------+---------+
; DE1_top.vhd                      ; yes             ; User VHDL File  ; C:/Users/Mike/Desktop/Dorsey_Michael_Stiyer_Alex_Lab_1a_5b/Labs/lab7a/lab7/lab7/DE1_top.vhd                  ;         ;
; counter.vhd                      ; yes             ; User VHDL File  ; C:/Users/Mike/Desktop/Dorsey_Michael_Stiyer_Alex_Lab_1a_5b/Labs/lab7a/lab7/lab7/counter.vhd                  ;         ;
; seven_segment_controller.vhd     ; yes             ; User VHDL File  ; C:/Users/Mike/Desktop/Dorsey_Michael_Stiyer_Alex_Lab_1a_5b/Labs/lab7a/lab7/lab7/seven_segment_controller.vhd ;         ;
; stopwatch.vhd                    ; yes             ; User VHDL File  ; C:/Users/Mike/Desktop/Dorsey_Michael_Stiyer_Alex_Lab_1a_5b/Labs/lab7a/lab7/lab7/stopwatch.vhd                ;         ;
+----------------------------------+-----------------+-----------------+--------------------------------------------------------------------------------------------------------------+---------+


+--------------------------------------------------------------+
; Analysis & Synthesis Resource Usage Summary                  ;
+---------------------------------------------+----------------+
; Resource                                    ; Usage          ;
+---------------------------------------------+----------------+
; Estimate of Logic utilization (ALMs needed) ; 288            ;
;                                             ;                ;
; Combinational ALUT usage for logic          ; 451            ;
;     -- 7 input functions                    ; 0              ;
;     -- 6 input functions                    ; 124            ;
;     -- 5 input functions                    ; 16             ;
;     -- 4 input functions                    ; 36             ;
;     -- <=3 input functions                  ; 275            ;
;                                             ;                ;
; Dedicated logic registers                   ; 231            ;
;                                             ;                ;
; I/O pins                                    ; 67             ;
;                                             ;                ;
; Total DSP Blocks                            ; 4              ;
;                                             ;                ;
; Maximum fan-out node                        ; clock_50~input ;
; Maximum fan-out                             ; 231            ;
; Total fan-out                               ; 2614           ;
; Average fan-out                             ; 3.19           ;
+---------------------------------------------+----------------+


+----------------------------------------------------------------------------------------------------------------------------------------------------------------------------------------------------------------------------+
; Analysis & Synthesis Resource Utilization by Entity                                                                                                                                                                        ;
+----------------------------------+---------------------+---------------------------+-------------------+------------+------+--------------+--------------------------------------+--------------------------+--------------+
; Compilation Hierarchy Node       ; Combinational ALUTs ; Dedicated Logic Registers ; Block Memory Bits ; DSP Blocks ; Pins ; Virtual Pins ; Full Hierarchy Name                  ; Entity Name              ; Library Name ;
+----------------------------------+---------------------+---------------------------+-------------------+------------+------+--------------+--------------------------------------+--------------------------+--------------+
; |DE1_top                         ; 451 (0)             ; 231 (0)                   ; 0                 ; 4          ; 67   ; 0            ; |DE1_top                             ; DE1_top                  ; work         ;
;    |gen_counter:u1|              ; 35 (35)             ; 30 (30)                   ; 0                 ; 0          ; 0    ; 0            ; |DE1_top|gen_counter:u1              ; gen_counter              ; work         ;
;    |seven_segment_controller:u3| ; 18 (18)             ; 0 (0)                     ; 0                 ; 0          ; 0    ; 0            ; |DE1_top|seven_segment_controller:u3 ; seven_segment_controller ; work         ;
;    |seven_segment_controller:u4| ; 18 (18)             ; 0 (0)                     ; 0                 ; 0          ; 0    ; 0            ; |DE1_top|seven_segment_controller:u4 ; seven_segment_controller ; work         ;
;    |seven_segment_controller:u5| ; 18 (18)             ; 0 (0)                     ; 0                 ; 0          ; 0    ; 0            ; |DE1_top|seven_segment_controller:u5 ; seven_segment_controller ; work         ;
;    |seven_segment_controller:u6| ; 18 (18)             ; 0 (0)                     ; 0                 ; 0          ; 0    ; 0            ; |DE1_top|seven_segment_controller:u6 ; seven_segment_controller ; work         ;
;    |stopwatch:u2|                ; 344 (344)           ; 201 (201)                 ; 0                 ; 4          ; 0    ; 0            ; |DE1_top|stopwatch:u2                ; stopwatch                ; work         ;
+----------------------------------+---------------------+---------------------------+-------------------+------------+------+--------------+--------------------------------------+--------------------------+--------------+
Note: For table entries with two numbers listed, the numbers in parentheses indicate the number of resources of the given type used by the specific entity alone. The numbers listed outside of parentheses indicate the total resources of the given type used by the specific entity and all of its sub-entities in the hierarchy.


+-------------------------------------------------+
; Analysis & Synthesis DSP Block Usage Summary    ;
+-----------------------------------+-------------+
; Statistic                         ; Number Used ;
+-----------------------------------+-------------+
; Two Independent 18x18             ; 2           ;
; Independent 18x18 plus 36         ; 2           ;
; Total number of DSP blocks        ; 4           ;
;                                   ;             ;
; Fixed Point Unsigned Multiplier   ; 2           ;
; Fixed Point Mixed Sign Multiplier ; 2           ;
+-----------------------------------+-------------+


Encoding Type:  One-Hot
+------------------------------------------------------------------------------------------------------------------------------------------------------------------------------------------------------------+
; State Machine - |DE1_top|stopwatch:u2|current_state                                                                                                                                                        ;
+-----------------------+--------------------+-----------------------+---------------------+----------------------+-----------------------+-----------------------+---------------------+--------------------+
; Name                  ; current_state.fail ; current_state.results ; current_state.reset ; current_state.reflex ; current_state.stopped ; current_state.running ; current_state.delay ; current_state.idle ;
+-----------------------+--------------------+-----------------------+---------------------+----------------------+-----------------------+-----------------------+---------------------+--------------------+
; current_state.idle    ; 0                  ; 0                     ; 0                   ; 0                    ; 0                     ; 0                     ; 0                   ; 0                  ;
; current_state.delay   ; 0                  ; 0                     ; 0                   ; 0                    ; 0                     ; 0                     ; 1                   ; 1                  ;
; current_state.running ; 0                  ; 0                     ; 0                   ; 0                    ; 0                     ; 1                     ; 0                   ; 1                  ;
; current_state.stopped ; 0                  ; 0                     ; 0                   ; 0                    ; 1                     ; 0                     ; 0                   ; 1                  ;
; current_state.reflex  ; 0                  ; 0                     ; 0                   ; 1                    ; 0                     ; 0                     ; 0                   ; 1                  ;
; current_state.reset   ; 0                  ; 0                     ; 1                   ; 0                    ; 0                     ; 0                     ; 0                   ; 1                  ;
; current_state.results ; 0                  ; 1                     ; 0                   ; 0                    ; 0                     ; 0                     ; 0                   ; 1                  ;
; current_state.fail    ; 1                  ; 0                     ; 0                   ; 0                    ; 0                     ; 0                     ; 0                   ; 1                  ;
+-----------------------+--------------------+-----------------------+---------------------+----------------------+-----------------------+-----------------------+---------------------+--------------------+


+------------------------------------------------------------+
; Registers Removed During Synthesis                         ;
+---------------------------------------+--------------------+
; Register name                         ; Reason for Removal ;
+---------------------------------------+--------------------+
; stopwatch:u2|current_state.fail       ; Lost fanout        ;
; Total Number of Removed Registers = 1 ;                    ;
+---------------------------------------+--------------------+


+------------------------------------------------------+
; General Register Statistics                          ;
+----------------------------------------------+-------+
; Statistic                                    ; Value ;
+----------------------------------------------+-------+
; Total registers                              ; 231   ;
; Number of registers using Synchronous Clear  ; 154   ;
; Number of registers using Synchronous Load   ; 0     ;
; Number of registers using Asynchronous Clear ; 0     ;
; Number of registers using Asynchronous Load  ; 0     ;
; Number of registers using Clock Enable       ; 198   ;
; Number of registers using Preset             ; 0     ;
+----------------------------------------------+-------+


+----------------------------------------------------------------------------------------------------------------------------------------------------+
; Multiplexer Restructuring Statistics (Restructuring Performed)                                                                                     ;
+--------------------+-----------+---------------+----------------------+------------------------+------------+--------------------------------------+
; Multiplexer Inputs ; Bus Width ; Baseline Area ; Area if Restructured ; Saving if Restructured ; Registered ; Example Multiplexer Output           ;
+--------------------+-----------+---------------+----------------------+------------------------+------------+--------------------------------------+
; 6:1                ; 29 bits   ; 116 LEs       ; 0 LEs                ; 116 LEs                ; Yes        ; |DE1_top|stopwatch:u2|tens[0]        ;
; 7:1                ; 32 bits   ; 128 LEs       ; 0 LEs                ; 128 LEs                ; Yes        ; |DE1_top|stopwatch:u2|hundredths[21] ;
; 8:1                ; 32 bits   ; 160 LEs       ; 0 LEs                ; 160 LEs                ; Yes        ; |DE1_top|stopwatch:u2|seconds[7]     ;
; 8:1                ; 3 bits    ; 15 LEs        ; 6 LEs                ; 9 LEs                  ; Yes        ; |DE1_top|stopwatch:u2|tens[3]        ;
; 8:1                ; 32 bits   ; 160 LEs       ; 0 LEs                ; 160 LEs                ; Yes        ; |DE1_top|stopwatch:u2|tenths[22]     ;
+--------------------+-----------+---------------+----------------------+------------------------+------------+--------------------------------------+


+-------------------------------------------------------------+
; Parameter Settings for User Entity Instance: gen_counter:u1 ;
+----------------+--------+-----------------------------------+
; Parameter Name ; Value  ; Type                              ;
+----------------+--------+-----------------------------------+
; wide           ; 29     ; Signed Integer                    ;
; max            ; 500000 ; Signed Integer                    ;
+----------------+--------+-----------------------------------+
Note: In order to hide this table in the UI and the text report file, please set the "Show Parameter Settings in Synthesis Report" option in "Analysis and Synthesis Settings -> More Settings" to "Off".


+------------------------------------------------------------------------------------------------------------------+
; Port Connectivity Checks: "gen_counter:u1"                                                                       ;
+--------+--------+----------+-------------------------------------------------------------------------------------+
; Port   ; Type   ; Severity ; Details                                                                             ;
+--------+--------+----------+-------------------------------------------------------------------------------------+
; data   ; Input  ; Info     ; Stuck at GND                                                                        ;
; load   ; Input  ; Info     ; Stuck at GND                                                                        ;
; enable ; Input  ; Info     ; Stuck at VCC                                                                        ;
; count  ; Output ; Info     ; Connected to dangling logic. Logic that only feeds a dangling port will be removed. ;
+--------+--------+----------+-------------------------------------------------------------------------------------+


+-----------------------------------------------------+
; Post-Synthesis Netlist Statistics for Top Partition ;
+-----------------------+-----------------------------+
; Type                  ; Count                       ;
+-----------------------+-----------------------------+
; arriav_ff             ; 231                         ;
;     ENA               ; 73                          ;
;     ENA SCLR          ; 125                         ;
;     SCLR              ; 29                          ;
;     plain             ; 4                           ;
; arriav_lcell_comb     ; 453                         ;
;     arith             ; 188                         ;
;         1 data inputs ; 187                         ;
;         2 data inputs ; 1                           ;
;     normal            ; 202                         ;
;         0 data inputs ; 2                           ;
;         1 data inputs ; 1                           ;
;         2 data inputs ; 19                          ;
;         3 data inputs ; 4                           ;
;         4 data inputs ; 36                          ;
;         5 data inputs ; 16                          ;
;         6 data inputs ; 124                         ;
;     shared            ; 63                          ;
;         2 data inputs ; 2                           ;
;         3 data inputs ; 61                          ;
; arriav_mac            ; 4                           ;
; boundary_port         ; 67                          ;
;                       ;                             ;
; Max LUT depth         ; 5.00                        ;
; Average LUT depth     ; 3.41                        ;
+-----------------------+-----------------------------+


+-------------------------------+
; Elapsed Time Per Partition    ;
+----------------+--------------+
; Partition Name ; Elapsed Time ;
+----------------+--------------+
; Top            ; 00:00:01     ;
+----------------+--------------+


+-------------------------------+
; Analysis & Synthesis Messages ;
+-------------------------------+
Info: *******************************************************************
Info: Running Quartus Prime Analysis & Synthesis
    Info: Version 18.0.0 Build 614 04/24/2018 SJ Lite Edition
    Info: Processing started: Tue Oct 30 17:46:17 2018
Info: Command: quartus_map --read_settings_files=on --write_settings_files=off DE1_base -c DE1_SOC_golden_top
Warning (18236): Number of processors has not been specified which may cause overloading on shared machines.  Set the global assignment NUM_PARALLEL_PROCESSORS in your QSF to an appropriate value for best performance.
Info (20030): Parallel compilation is enabled and will use 4 of the 4 processors detected
Info (12021): Found 2 design units, including 1 entities, in source file de1_top.vhd
    Info (12022): Found design unit 1: DE1_top-struct File: C:/Users/Mike/Desktop/Dorsey_Michael_Stiyer_Alex_Lab_1a_5b/Labs/lab7a/lab7/lab7/DE1_top.vhd Line: 42
    Info (12023): Found entity 1: DE1_top File: C:/Users/Mike/Desktop/Dorsey_Michael_Stiyer_Alex_Lab_1a_5b/Labs/lab7a/lab7/lab7/DE1_top.vhd Line: 6
Info (12021): Found 2 design units, including 1 entities, in source file counter.vhd
    Info (12022): Found design unit 1: gen_counter-rtl File: C:/Users/Mike/Desktop/Dorsey_Michael_Stiyer_Alex_Lab_1a_5b/Labs/lab7a/lab7/lab7/counter.vhd Line: 22
    Info (12023): Found entity 1: gen_counter File: C:/Users/Mike/Desktop/Dorsey_Michael_Stiyer_Alex_Lab_1a_5b/Labs/lab7a/lab7/lab7/counter.vhd Line: 5
Info (12021): Found 2 design units, including 1 entities, in source file seven_segment_controller.vhd
    Info (12022): Found design unit 1: seven_segment_controller-logic File: C:/Users/Mike/Desktop/Dorsey_Michael_Stiyer_Alex_Lab_1a_5b/Labs/lab7a/lab7/lab7/seven_segment_controller.vhd Line: 12
    Info (12023): Found entity 1: seven_segment_controller File: C:/Users/Mike/Desktop/Dorsey_Michael_Stiyer_Alex_Lab_1a_5b/Labs/lab7a/lab7/lab7/seven_segment_controller.vhd Line: 5
Info (12021): Found 2 design units, including 1 entities, in source file stopwatch.vhd
    Info (12022): Found design unit 1: stopwatch-logic File: C:/Users/Mike/Desktop/Dorsey_Michael_Stiyer_Alex_Lab_1a_5b/Labs/lab7a/lab7/lab7/stopwatch.vhd Line: 23
    Info (12023): Found entity 1: stopwatch File: C:/Users/Mike/Desktop/Dorsey_Michael_Stiyer_Alex_Lab_1a_5b/Labs/lab7a/lab7/lab7/stopwatch.vhd Line: 6
Info (12127): Elaborating entity "DE1_top" for the top level hierarchy
Warning (10873): Using initial value X (don't care) for net "LEDR[9..1]" at DE1_top.vhd(25) File: C:/Users/Mike/Desktop/Dorsey_Michael_Stiyer_Alex_Lab_1a_5b/Labs/lab7a/lab7/lab7/DE1_top.vhd Line: 25
Info (12128): Elaborating entity "gen_counter" for hierarchy "gen_counter:u1" File: C:/Users/Mike/Desktop/Dorsey_Michael_Stiyer_Alex_Lab_1a_5b/Labs/lab7a/lab7/lab7/DE1_top.vhd Line: 105
Info (12128): Elaborating entity "stopwatch" for hierarchy "stopwatch:u2" File: C:/Users/Mike/Desktop/Dorsey_Michael_Stiyer_Alex_Lab_1a_5b/Labs/lab7a/lab7/lab7/DE1_top.vhd Line: 116
Warning (10541): VHDL Signal Declaration warning at stopwatch.vhd(17): used implicit default value for signal "total_out" because signal was never assigned a value or an explicit default value. Use of implicit default value may introduce unintended design optimizations. File: C:/Users/Mike/Desktop/Dorsey_Michael_Stiyer_Alex_Lab_1a_5b/Labs/lab7a/lab7/lab7/stopwatch.vhd Line: 17
Warning (10541): VHDL Signal Declaration warning at stopwatch.vhd(18): used implicit default value for signal "reset_out" because signal was never assigned a value or an explicit default value. Use of implicit default value may introduce unintended design optimizations. File: C:/Users/Mike/Desktop/Dorsey_Michael_Stiyer_Alex_Lab_1a_5b/Labs/lab7a/lab7/lab7/stopwatch.vhd Line: 18
Warning (10492): VHDL Process Statement warning at stopwatch.vhd(51): signal "total" is read inside the Process Statement but isn't in the Process Statement's sensitivity list File: C:/Users/Mike/Desktop/Dorsey_Michael_Stiyer_Alex_Lab_1a_5b/Labs/lab7a/lab7/lab7/stopwatch.vhd Line: 51
Info (12128): Elaborating entity "seven_segment_controller" for hierarchy "seven_segment_controller:u3" File: C:/Users/Mike/Desktop/Dorsey_Michael_Stiyer_Alex_Lab_1a_5b/Labs/lab7a/lab7/lab7/DE1_top.vhd Line: 131
Warning (13024): Output pins are stuck at VCC or GND
    Warning (13410): Pin "HEX4[0]" is stuck at VCC File: C:/Users/Mike/Desktop/Dorsey_Michael_Stiyer_Alex_Lab_1a_5b/Labs/lab7a/lab7/lab7/DE1_top.vhd Line: 19
    Warning (13410): Pin "HEX4[1]" is stuck at VCC File: C:/Users/Mike/Desktop/Dorsey_Michael_Stiyer_Alex_Lab_1a_5b/Labs/lab7a/lab7/lab7/DE1_top.vhd Line: 19
    Warning (13410): Pin "HEX4[2]" is stuck at VCC File: C:/Users/Mike/Desktop/Dorsey_Michael_Stiyer_Alex_Lab_1a_5b/Labs/lab7a/lab7/lab7/DE1_top.vhd Line: 19
    Warning (13410): Pin "HEX4[3]" is stuck at VCC File: C:/Users/Mike/Desktop/Dorsey_Michael_Stiyer_Alex_Lab_1a_5b/Labs/lab7a/lab7/lab7/DE1_top.vhd Line: 19
    Warning (13410): Pin "HEX4[4]" is stuck at VCC File: C:/Users/Mike/Desktop/Dorsey_Michael_Stiyer_Alex_Lab_1a_5b/Labs/lab7a/lab7/lab7/DE1_top.vhd Line: 19
    Warning (13410): Pin "HEX4[5]" is stuck at VCC File: C:/Users/Mike/Desktop/Dorsey_Michael_Stiyer_Alex_Lab_1a_5b/Labs/lab7a/lab7/lab7/DE1_top.vhd Line: 19
    Warning (13410): Pin "HEX4[6]" is stuck at VCC File: C:/Users/Mike/Desktop/Dorsey_Michael_Stiyer_Alex_Lab_1a_5b/Labs/lab7a/lab7/lab7/DE1_top.vhd Line: 19
    Warning (13410): Pin "HEX5[0]" is stuck at VCC File: C:/Users/Mike/Desktop/Dorsey_Michael_Stiyer_Alex_Lab_1a_5b/Labs/lab7a/lab7/lab7/DE1_top.vhd Line: 20
    Warning (13410): Pin "HEX5[1]" is stuck at VCC File: C:/Users/Mike/Desktop/Dorsey_Michael_Stiyer_Alex_Lab_1a_5b/Labs/lab7a/lab7/lab7/DE1_top.vhd Line: 20
    Warning (13410): Pin "HEX5[2]" is stuck at VCC File: C:/Users/Mike/Desktop/Dorsey_Michael_Stiyer_Alex_Lab_1a_5b/Labs/lab7a/lab7/lab7/DE1_top.vhd Line: 20
    Warning (13410): Pin "HEX5[3]" is stuck at VCC File: C:/Users/Mike/Desktop/Dorsey_Michael_Stiyer_Alex_Lab_1a_5b/Labs/lab7a/lab7/lab7/DE1_top.vhd Line: 20
    Warning (13410): Pin "HEX5[4]" is stuck at VCC File: C:/Users/Mike/Desktop/Dorsey_Michael_Stiyer_Alex_Lab_1a_5b/Labs/lab7a/lab7/lab7/DE1_top.vhd Line: 20
    Warning (13410): Pin "HEX5[5]" is stuck at VCC File: C:/Users/Mike/Desktop/Dorsey_Michael_Stiyer_Alex_Lab_1a_5b/Labs/lab7a/lab7/lab7/DE1_top.vhd Line: 20
    Warning (13410): Pin "HEX5[6]" is stuck at VCC File: C:/Users/Mike/Desktop/Dorsey_Michael_Stiyer_Alex_Lab_1a_5b/Labs/lab7a/lab7/lab7/DE1_top.vhd Line: 20
    Warning (13410): Pin "LEDR[1]" is stuck at GND File: C:/Users/Mike/Desktop/Dorsey_Michael_Stiyer_Alex_Lab_1a_5b/Labs/lab7a/lab7/lab7/DE1_top.vhd Line: 25
    Warning (13410): Pin "LEDR[2]" is stuck at GND File: C:/Users/Mike/Desktop/Dorsey_Michael_Stiyer_Alex_Lab_1a_5b/Labs/lab7a/lab7/lab7/DE1_top.vhd Line: 25
    Warning (13410): Pin "LEDR[3]" is stuck at GND File: C:/Users/Mike/Desktop/Dorsey_Michael_Stiyer_Alex_Lab_1a_5b/Labs/lab7a/lab7/lab7/DE1_top.vhd Line: 25
    Warning (13410): Pin "LEDR[4]" is stuck at GND File: C:/Users/Mike/Desktop/Dorsey_Michael_Stiyer_Alex_Lab_1a_5b/Labs/lab7a/lab7/lab7/DE1_top.vhd Line: 25
    Warning (13410): Pin "LEDR[5]" is stuck at GND File: C:/Users/Mike/Desktop/Dorsey_Michael_Stiyer_Alex_Lab_1a_5b/Labs/lab7a/lab7/lab7/DE1_top.vhd Line: 25
    Warning (13410): Pin "LEDR[6]" is stuck at GND File: C:/Users/Mike/Desktop/Dorsey_Michael_Stiyer_Alex_Lab_1a_5b/Labs/lab7a/lab7/lab7/DE1_top.vhd Line: 25
    Warning (13410): Pin "LEDR[7]" is stuck at GND File: C:/Users/Mike/Desktop/Dorsey_Michael_Stiyer_Alex_Lab_1a_5b/Labs/lab7a/lab7/lab7/DE1_top.vhd Line: 25
    Warning (13410): Pin "LEDR[8]" is stuck at GND File: C:/Users/Mike/Desktop/Dorsey_Michael_Stiyer_Alex_Lab_1a_5b/Labs/lab7a/lab7/lab7/DE1_top.vhd Line: 25
    Warning (13410): Pin "LEDR[9]" is stuck at GND File: C:/Users/Mike/Desktop/Dorsey_Michael_Stiyer_Alex_Lab_1a_5b/Labs/lab7a/lab7/lab7/DE1_top.vhd Line: 25
Info (286030): Timing-Driven Synthesis is running
Info (17049): 1 registers lost all their fanouts during netlist optimizations.
Info (16010): Generating hard_block partition "hard_block:auto_generated_inst"
    Info (16011): Adding 0 node(s), including 0 DDIO, 0 PLL, 0 transceiver and 0 LCELL
Warning (21074): Design contains 12 input pin(s) that do not drive logic
    Warning (15610): No output dependent on input pin "KEY[2]" File: C:/Users/Mike/Desktop/Dorsey_Michael_Stiyer_Alex_Lab_1a_5b/Labs/lab7a/lab7/lab7/DE1_top.vhd Line: 31
    Warning (15610): No output dependent on input pin "KEY[3]" File: C:/Users/Mike/Desktop/Dorsey_Michael_Stiyer_Alex_Lab_1a_5b/Labs/lab7a/lab7/lab7/DE1_top.vhd Line: 31
    Warning (15610): No output dependent on input pin "SW[0]" File: C:/Users/Mike/Desktop/Dorsey_Michael_Stiyer_Alex_Lab_1a_5b/Labs/lab7a/lab7/lab7/DE1_top.vhd Line: 36
    Warning (15610): No output dependent on input pin "SW[1]" File: C:/Users/Mike/Desktop/Dorsey_Michael_Stiyer_Alex_Lab_1a_5b/Labs/lab7a/lab7/lab7/DE1_top.vhd Line: 36
    Warning (15610): No output dependent on input pin "SW[2]" File: C:/Users/Mike/Desktop/Dorsey_Michael_Stiyer_Alex_Lab_1a_5b/Labs/lab7a/lab7/lab7/DE1_top.vhd Line: 36
    Warning (15610): No output dependent on input pin "SW[3]" File: C:/Users/Mike/Desktop/Dorsey_Michael_Stiyer_Alex_Lab_1a_5b/Labs/lab7a/lab7/lab7/DE1_top.vhd Line: 36
    Warning (15610): No output dependent on input pin "SW[4]" File: C:/Users/Mike/Desktop/Dorsey_Michael_Stiyer_Alex_Lab_1a_5b/Labs/lab7a/lab7/lab7/DE1_top.vhd Line: 36
    Warning (15610): No output dependent on input pin "SW[5]" File: C:/Users/Mike/Desktop/Dorsey_Michael_Stiyer_Alex_Lab_1a_5b/Labs/lab7a/lab7/lab7/DE1_top.vhd Line: 36
    Warning (15610): No output dependent on input pin "SW[6]" File: C:/Users/Mike/Desktop/Dorsey_Michael_Stiyer_Alex_Lab_1a_5b/Labs/lab7a/lab7/lab7/DE1_top.vhd Line: 36
    Warning (15610): No output dependent on input pin "SW[7]" File: C:/Users/Mike/Desktop/Dorsey_Michael_Stiyer_Alex_Lab_1a_5b/Labs/lab7a/lab7/lab7/DE1_top.vhd Line: 36
    Warning (15610): No output dependent on input pin "SW[8]" File: C:/Users/Mike/Desktop/Dorsey_Michael_Stiyer_Alex_Lab_1a_5b/Labs/lab7a/lab7/lab7/DE1_top.vhd Line: 36
    Warning (15610): No output dependent on input pin "SW[9]" File: C:/Users/Mike/Desktop/Dorsey_Michael_Stiyer_Alex_Lab_1a_5b/Labs/lab7a/lab7/lab7/DE1_top.vhd Line: 36
Info (21057): Implemented 523 device resources after synthesis - the final resource count might be different
    Info (21058): Implemented 15 input pins
    Info (21059): Implemented 52 output pins
    Info (21061): Implemented 452 logic cells
    Info (21062): Implemented 4 DSP elements
Info: Quartus Prime Analysis & Synthesis was successful. 0 errors, 42 warnings
    Info: Peak virtual memory: 4885 megabytes
    Info: Processing ended: Tue Oct 30 17:46:27 2018
    Info: Elapsed time: 00:00:10
    Info: Total CPU time (on all processors): 00:00:21


