Restore Archived Project report for DE1_SOC_golden_top
Mon Oct 29 22:05:59 2018
Quartus Prime Version 18.1.0 Build 625 09/12/2018 SJ Lite Edition


---------------------
; Table of Contents ;
---------------------
  1. Legal Notice
  2. Restore Archived Project Summary
  3. Restore Archived Project Messages
  4. Files Restored
  5. Files Not Restored



----------------
; Legal Notice ;
----------------
Copyright (C) 2018  Intel Corporation. All rights reserved.
Your use of Intel Corporation's design tools, logic functions 
and other software and tools, and its AMPP partner logic 
functions, and any output files from any of the foregoing 
(including device programming or simulation files), and any 
associated documentation or information are expressly subject 
to the terms and conditions of the Intel Program License 
Subscription Agreement, the Intel Quartus Prime License Agreement,
the Intel FPGA IP License Agreement, or other applicable license
agreement, including, without limitation, that your use is for
the sole purpose of programming logic devices manufactured by
Intel and sold by Intel or its authorized distributors.  Please
refer to the applicable agreement for further details.



+-------------------------------------------------------------------------+
; Restore Archived Project Summary                                        ;
+---------------------------------+---------------------------------------+
; Restore Archived Project Status ; Successful - Mon Oct 29 22:05:59 2018 ;
; Revision Name                   ; DE1_SOC_golden_top                    ;
; Top-level Entity Name           ; DE1_top                               ;
; Family                          ; Cyclone V                             ;
+---------------------------------+---------------------------------------+


+-----------------------------------+
; Restore Archived Project Messages ;
+-----------------------------------+
Info: Successfully restored 'C:/Users/Doctor Awesome/Desktop/TestAssignmentFolder/EE457/Dorsey_Michael_Stiyer_Alex_Lab_1a_5b/Labs/DE1_SOC_Project (2).qar' into the 'C:/Users/Doctor Awesome/Desktop/TestAssignmentFolder/EE457/Dorsey_Michael_Stiyer_Alex_Lab_1a_5b/Labs/lab7/' directory
Info: Generated report 'DE1_SOC_golden_top.restore.rpt'
Info (23030): Evaluation of Tcl script c:/intelfpga_lite/18.1/quartus/common/tcl/apps/qpm/qar.tcl was successful
Info: Quartus Prime Shell was successful. 0 errors, 0 warnings
    Info: Peak virtual memory: 4838 megabytes
    Info: Processing ended: Mon Oct 29 22:05:59 2018
    Info: Elapsed time: 00:00:03
    Info: Total CPU time (on all processors): 00:00:01


+--------------------------------------------+
; Files Restored                             ;
+--------------------------------------------+
; File Name                                  ;
+--------------------------------------------+
; qar_info.json                              ;
; DE1_SOC_golden_top.qsf                     ;
; DE1_SOC_golden_top_assignment_defaults.qdf ;
; DE1_base.qpf                               ;
; DE1_top.vhd                                ;
; counter.vhd                                ;
+--------------------------------------------+


+--------------------+
; Files Not Restored ;
+--------------------+
; File Name          ;
+--------------------+


