Analysis & Synthesis report for DE1_SOC_golden_top
Fri Oct 19 23:22:37 2018
Quartus Prime Version 18.0.0 Build 614 04/24/2018 SJ Lite Edition


---------------------
; Table of Contents ;
---------------------
  1. Legal Notice
  2. Analysis & Synthesis Summary
  3. Analysis & Synthesis Settings
  4. Parallel Compilation
  5. Analysis & Synthesis Source Files Read
  6. Analysis & Synthesis Resource Usage Summary
  7. Analysis & Synthesis Resource Utilization by Entity
  8. State Machine - |DE1_top|traffic_control:u6|current_state
  9. General Register Statistics
 10. Parameter Settings for User Entity Instance: gen_counter:u1
 11. Port Connectivity Checks: "traffic_segment_cntrl:u5"
 12. Port Connectivity Checks: "traffic_segment_cntrl:u4"
 13. Port Connectivity Checks: "traffic_segment_cntrl:u3"
 14. Port Connectivity Checks: "traffic_segment_cntrl:u2"
 15. Port Connectivity Checks: "gen_counter:u1"
 16. Post-Synthesis Netlist Statistics for Top Partition
 17. Elapsed Time Per Partition
 18. Analysis & Synthesis Messages



----------------
; Legal Notice ;
----------------
Copyright (C) 2018  Intel Corporation. All rights reserved.
Your use of Intel Corporation's design tools, logic functions 
and other software and tools, and its AMPP partner logic 
functions, and any output files from any of the foregoing 
(including device programming or simulation files), and any 
associated documentation or information are expressly subject 
to the terms and conditions of the Intel Program License 
Subscription Agreement, the Intel Quartus Prime License Agreement,
the Intel FPGA IP License Agreement, or other applicable license
agreement, including, without limitation, that your use is for
the sole purpose of programming logic devices manufactured by
Intel and sold by Intel or its authorized distributors.  Please
refer to the applicable agreement for further details.



+-------------------------------------------------------------------------------+
; Analysis & Synthesis Summary                                                  ;
+---------------------------------+---------------------------------------------+
; Analysis & Synthesis Status     ; Successful - Fri Oct 19 23:22:37 2018       ;
; Quartus Prime Version           ; 18.0.0 Build 614 04/24/2018 SJ Lite Edition ;
; Revision Name                   ; DE1_SOC_golden_top                          ;
; Top-level Entity Name           ; DE1_top                                     ;
; Family                          ; Cyclone V                                   ;
; Logic utilization (in ALMs)     ; N/A                                         ;
; Total registers                 ; 40                                          ;
; Total pins                      ; 43                                          ;
; Total virtual pins              ; 0                                           ;
; Total block memory bits         ; 0                                           ;
; Total DSP Blocks                ; 0                                           ;
; Total HSSI RX PCSs              ; 0                                           ;
; Total HSSI PMA RX Deserializers ; 0                                           ;
; Total HSSI TX PCSs              ; 0                                           ;
; Total HSSI PMA TX Serializers   ; 0                                           ;
; Total PLLs                      ; 0                                           ;
; Total DLLs                      ; 0                                           ;
+---------------------------------+---------------------------------------------+


+---------------------------------------------------------------------------------------------------------------------------+
; Analysis & Synthesis Settings                                                                                             ;
+---------------------------------------------------------------------------------+--------------------+--------------------+
; Option                                                                          ; Setting            ; Default Value      ;
+---------------------------------------------------------------------------------+--------------------+--------------------+
; Device                                                                          ; 5CSEMA5F31C6       ;                    ;
; Top-level entity name                                                           ; DE1_top            ; DE1_SOC_golden_top ;
; Family name                                                                     ; Cyclone V          ; Cyclone V          ;
; Use smart compilation                                                           ; Off                ; Off                ;
; Enable parallel Assembler and Timing Analyzer during compilation                ; On                 ; On                 ;
; Enable compact report table                                                     ; Off                ; Off                ;
; Restructure Multiplexers                                                        ; Auto               ; Auto               ;
; MLAB Add Timing Constraints For Mixed-Port Feed-Through Mode Setting Don't Care ; Off                ; Off                ;
; Create Debugging Nodes for IP Cores                                             ; Off                ; Off                ;
; Preserve fewer node names                                                       ; On                 ; On                 ;
; Intel FPGA IP Evaluation Mode                                                   ; Enable             ; Enable             ;
; Verilog Version                                                                 ; Verilog_2001       ; Verilog_2001       ;
; VHDL Version                                                                    ; VHDL_1993          ; VHDL_1993          ;
; State Machine Processing                                                        ; Auto               ; Auto               ;
; Safe State Machine                                                              ; Off                ; Off                ;
; Extract Verilog State Machines                                                  ; On                 ; On                 ;
; Extract VHDL State Machines                                                     ; On                 ; On                 ;
; Ignore Verilog initial constructs                                               ; Off                ; Off                ;
; Iteration limit for constant Verilog loops                                      ; 5000               ; 5000               ;
; Iteration limit for non-constant Verilog loops                                  ; 250                ; 250                ;
; Add Pass-Through Logic to Inferred RAMs                                         ; On                 ; On                 ;
; Infer RAMs from Raw Logic                                                       ; On                 ; On                 ;
; Parallel Synthesis                                                              ; On                 ; On                 ;
; DSP Block Balancing                                                             ; Auto               ; Auto               ;
; NOT Gate Push-Back                                                              ; On                 ; On                 ;
; Power-Up Don't Care                                                             ; On                 ; On                 ;
; Remove Redundant Logic Cells                                                    ; Off                ; Off                ;
; Remove Duplicate Registers                                                      ; On                 ; On                 ;
; Ignore CARRY Buffers                                                            ; Off                ; Off                ;
; Ignore CASCADE Buffers                                                          ; Off                ; Off                ;
; Ignore GLOBAL Buffers                                                           ; Off                ; Off                ;
; Ignore ROW GLOBAL Buffers                                                       ; Off                ; Off                ;
; Ignore LCELL Buffers                                                            ; Off                ; Off                ;
; Ignore SOFT Buffers                                                             ; On                 ; On                 ;
; Limit AHDL Integers to 32 Bits                                                  ; Off                ; Off                ;
; Optimization Technique                                                          ; Balanced           ; Balanced           ;
; Carry Chain Length                                                              ; 70                 ; 70                 ;
; Auto Carry Chains                                                               ; On                 ; On                 ;
; Auto Open-Drain Pins                                                            ; On                 ; On                 ;
; Perform WYSIWYG Primitive Resynthesis                                           ; Off                ; Off                ;
; Auto ROM Replacement                                                            ; On                 ; On                 ;
; Auto RAM Replacement                                                            ; On                 ; On                 ;
; Auto DSP Block Replacement                                                      ; On                 ; On                 ;
; Auto Shift Register Replacement                                                 ; Auto               ; Auto               ;
; Allow Shift Register Merging across Hierarchies                                 ; Auto               ; Auto               ;
; Auto Clock Enable Replacement                                                   ; On                 ; On                 ;
; Strict RAM Replacement                                                          ; Off                ; Off                ;
; Allow Synchronous Control Signals                                               ; On                 ; On                 ;
; Force Use of Synchronous Clear Signals                                          ; Off                ; Off                ;
; Auto Resource Sharing                                                           ; Off                ; Off                ;
; Allow Any RAM Size For Recognition                                              ; Off                ; Off                ;
; Allow Any ROM Size For Recognition                                              ; Off                ; Off                ;
; Allow Any Shift Register Size For Recognition                                   ; Off                ; Off                ;
; Use LogicLock Constraints during Resource Balancing                             ; On                 ; On                 ;
; Ignore translate_off and synthesis_off directives                               ; Off                ; Off                ;
; Timing-Driven Synthesis                                                         ; On                 ; On                 ;
; Report Parameter Settings                                                       ; On                 ; On                 ;
; Report Source Assignments                                                       ; On                 ; On                 ;
; Report Connectivity Checks                                                      ; On                 ; On                 ;
; Ignore Maximum Fan-Out Assignments                                              ; Off                ; Off                ;
; Synchronization Register Chain Length                                           ; 3                  ; 3                  ;
; Power Optimization During Synthesis                                             ; Normal compilation ; Normal compilation ;
; HDL message level                                                               ; Level2             ; Level2             ;
; Suppress Register Optimization Related Messages                                 ; Off                ; Off                ;
; Number of Removed Registers Reported in Synthesis Report                        ; 5000               ; 5000               ;
; Number of Swept Nodes Reported in Synthesis Report                              ; 5000               ; 5000               ;
; Number of Inverted Registers Reported in Synthesis Report                       ; 100                ; 100                ;
; Clock MUX Protection                                                            ; On                 ; On                 ;
; Auto Gated Clock Conversion                                                     ; Off                ; Off                ;
; Block Design Naming                                                             ; Auto               ; Auto               ;
; SDC constraint protection                                                       ; Off                ; Off                ;
; Synthesis Effort                                                                ; Auto               ; Auto               ;
; Shift Register Replacement - Allow Asynchronous Clear Signal                    ; On                 ; On                 ;
; Pre-Mapping Resynthesis Optimization                                            ; Off                ; Off                ;
; Analysis & Synthesis Message Level                                              ; Medium             ; Medium             ;
; Disable Register Merging Across Hierarchies                                     ; Auto               ; Auto               ;
; Resource Aware Inference For Block RAM                                          ; On                 ; On                 ;
; Automatic Parallel Synthesis                                                    ; On                 ; On                 ;
; Partial Reconfiguration Bitstream ID                                            ; Off                ; Off                ;
+---------------------------------------------------------------------------------+--------------------+--------------------+


+------------------------------------------+
; Parallel Compilation                     ;
+----------------------------+-------------+
; Processors                 ; Number      ;
+----------------------------+-------------+
; Number detected on machine ; 8           ;
; Maximum allowed            ; 4           ;
;                            ;             ;
; Average used               ; 1.00        ;
; Maximum used               ; 4           ;
;                            ;             ;
; Usage by Processor         ; % Time Used ;
;     Processor 1            ; 100.0%      ;
;     Processors 2-4         ;   0.0%      ;
+----------------------------+-------------+


+---------------------------------------------------------------------------------------------------------------------------------------------------------------------------------+
; Analysis & Synthesis Source Files Read                                                                                                                                          ;
+----------------------------------+-----------------+-----------------+------------------------------------------------------------------------------------------------+---------+
; File Name with User-Entered Path ; Used in Netlist ; File Type       ; File Name with Absolute Path                                                                   ; Library ;
+----------------------------------+-----------------+-----------------+------------------------------------------------------------------------------------------------+---------+
; DE1_top.vhd                      ; yes             ; User VHDL File  ; C:/Users/Mike/Desktop/Dorsey_Michael_Stiyer_Alex_Lab_1a_5b/Labs/lab6/DE1_top.vhd               ;         ;
; counter.vhd                      ; yes             ; User VHDL File  ; C:/Users/Mike/Desktop/Dorsey_Michael_Stiyer_Alex_Lab_1a_5b/Labs/lab6/counter.vhd               ;         ;
; traffic_contrl.vhd               ; yes             ; User VHDL File  ; C:/Users/Mike/Desktop/Dorsey_Michael_Stiyer_Alex_Lab_1a_5b/Labs/lab6/traffic_contrl.vhd        ;         ;
; traffic_segment_cntrl.vhd        ; yes             ; User VHDL File  ; C:/Users/Mike/Desktop/Dorsey_Michael_Stiyer_Alex_Lab_1a_5b/Labs/lab6/traffic_segment_cntrl.vhd ;         ;
+----------------------------------+-----------------+-----------------+------------------------------------------------------------------------------------------------+---------+


+--------------------------------------------------------------+
; Analysis & Synthesis Resource Usage Summary                  ;
+---------------------------------------------+----------------+
; Resource                                    ; Usage          ;
+---------------------------------------------+----------------+
; Estimate of Logic utilization (ALMs needed) ; 30             ;
;                                             ;                ;
; Combinational ALUT usage for logic          ; 52             ;
;     -- 7 input functions                    ; 0              ;
;     -- 6 input functions                    ; 7              ;
;     -- 5 input functions                    ; 2              ;
;     -- 4 input functions                    ; 9              ;
;     -- <=3 input functions                  ; 34             ;
;                                             ;                ;
; Dedicated logic registers                   ; 40             ;
;                                             ;                ;
; I/O pins                                    ; 43             ;
;                                             ;                ;
; Total DSP Blocks                            ; 0              ;
;                                             ;                ;
; Maximum fan-out node                        ; clock_50~input ;
; Maximum fan-out                             ; 40             ;
; Total fan-out                               ; 382            ;
; Average fan-out                             ; 2.15           ;
+---------------------------------------------+----------------+


+-------------------------------------------------------------------------------------------------------------------------------------------------------------------------------------------------------------------+
; Analysis & Synthesis Resource Utilization by Entity                                                                                                                                                               ;
+-------------------------------+---------------------+---------------------------+-------------------+------------+------+--------------+-----------------------------------+-----------------------+--------------+
; Compilation Hierarchy Node    ; Combinational ALUTs ; Dedicated Logic Registers ; Block Memory Bits ; DSP Blocks ; Pins ; Virtual Pins ; Full Hierarchy Name               ; Entity Name           ; Library Name ;
+-------------------------------+---------------------+---------------------------+-------------------+------------+------+--------------+-----------------------------------+-----------------------+--------------+
; |DE1_top                      ; 52 (0)              ; 40 (0)                    ; 0                 ; 0          ; 43   ; 0            ; |DE1_top                          ; DE1_top               ; work         ;
;    |gen_counter:u1|           ; 31 (31)             ; 27 (27)                   ; 0                 ; 0          ; 0    ; 0            ; |DE1_top|gen_counter:u1           ; gen_counter           ; work         ;
;    |traffic_control:u6|       ; 11 (11)             ; 13 (13)                   ; 0                 ; 0          ; 0    ; 0            ; |DE1_top|traffic_control:u6       ; traffic_control       ; work         ;
;    |traffic_segment_cntrl:u2| ; 1 (1)               ; 0 (0)                     ; 0                 ; 0          ; 0    ; 0            ; |DE1_top|traffic_segment_cntrl:u2 ; traffic_segment_cntrl ; work         ;
;    |traffic_segment_cntrl:u3| ; 4 (4)               ; 0 (0)                     ; 0                 ; 0          ; 0    ; 0            ; |DE1_top|traffic_segment_cntrl:u3 ; traffic_segment_cntrl ; work         ;
;    |traffic_segment_cntrl:u4| ; 1 (1)               ; 0 (0)                     ; 0                 ; 0          ; 0    ; 0            ; |DE1_top|traffic_segment_cntrl:u4 ; traffic_segment_cntrl ; work         ;
;    |traffic_segment_cntrl:u5| ; 4 (4)               ; 0 (0)                     ; 0                 ; 0          ; 0    ; 0            ; |DE1_top|traffic_segment_cntrl:u5 ; traffic_segment_cntrl ; work         ;
+-------------------------------+---------------------+---------------------------+-------------------+------------+------+--------------+-----------------------------------+-----------------------+--------------+
Note: For table entries with two numbers listed, the numbers in parentheses indicate the number of resources of the given type used by the specific entity alone. The numbers listed outside of parentheses indicate the total resources of the given type used by the specific entity and all of its sub-entities in the hierarchy.


Encoding Type:  One-Hot
+----------------------------------------------------------------------------------------------------------------------------------------------------------------------------------------------------------------------------------------------------------------------------------------------------------------------------------------------------------------------------------------------------------------+
; State Machine - |DE1_top|traffic_control:u6|current_state                                                                                                                                                                                                                                                                                                                                                      ;
+-------------------------------+----------------------------+---------------------------+------------------------+------------------------+-----------------------+-----------------------+------------------------------+------------------------------+-----------------------------+-----------------------------+-------------------------------+-------------------------------+---------------------------+
; Name                          ; current_state.blinking_off ; current_state.blinking_on ; current_state.yellow_b ; current_state.yellow_a ; current_state.green_b ; current_state.green_a ; current_state.yellow_arrow_b ; current_state.yellow_arrow_a ; current_state.green_arrow_b ; current_state.green_arrow_a ; current_state.weight_check_EW ; current_state.weight_check_NS ; current_state.night_check ;
+-------------------------------+----------------------------+---------------------------+------------------------+------------------------+-----------------------+-----------------------+------------------------------+------------------------------+-----------------------------+-----------------------------+-------------------------------+-------------------------------+---------------------------+
; current_state.night_check     ; 0                          ; 0                         ; 0                      ; 0                      ; 0                     ; 0                     ; 0                            ; 0                            ; 0                           ; 0                           ; 0                             ; 0                             ; 0                         ;
; current_state.weight_check_NS ; 0                          ; 0                         ; 0                      ; 0                      ; 0                     ; 0                     ; 0                            ; 0                            ; 0                           ; 0                           ; 0                             ; 1                             ; 1                         ;
; current_state.weight_check_EW ; 0                          ; 0                         ; 0                      ; 0                      ; 0                     ; 0                     ; 0                            ; 0                            ; 0                           ; 0                           ; 1                             ; 0                             ; 1                         ;
; current_state.green_arrow_a   ; 0                          ; 0                         ; 0                      ; 0                      ; 0                     ; 0                     ; 0                            ; 0                            ; 0                           ; 1                           ; 0                             ; 0                             ; 1                         ;
; current_state.green_arrow_b   ; 0                          ; 0                         ; 0                      ; 0                      ; 0                     ; 0                     ; 0                            ; 0                            ; 1                           ; 0                           ; 0                             ; 0                             ; 1                         ;
; current_state.yellow_arrow_a  ; 0                          ; 0                         ; 0                      ; 0                      ; 0                     ; 0                     ; 0                            ; 1                            ; 0                           ; 0                           ; 0                             ; 0                             ; 1                         ;
; current_state.yellow_arrow_b  ; 0                          ; 0                         ; 0                      ; 0                      ; 0                     ; 0                     ; 1                            ; 0                            ; 0                           ; 0                           ; 0                             ; 0                             ; 1                         ;
; current_state.green_a         ; 0                          ; 0                         ; 0                      ; 0                      ; 0                     ; 1                     ; 0                            ; 0                            ; 0                           ; 0                           ; 0                             ; 0                             ; 1                         ;
; current_state.green_b         ; 0                          ; 0                         ; 0                      ; 0                      ; 1                     ; 0                     ; 0                            ; 0                            ; 0                           ; 0                           ; 0                             ; 0                             ; 1                         ;
; current_state.yellow_a        ; 0                          ; 0                         ; 0                      ; 1                      ; 0                     ; 0                     ; 0                            ; 0                            ; 0                           ; 0                           ; 0                             ; 0                             ; 1                         ;
; current_state.yellow_b        ; 0                          ; 0                         ; 1                      ; 0                      ; 0                     ; 0                     ; 0                            ; 0                            ; 0                           ; 0                           ; 0                             ; 0                             ; 1                         ;
; current_state.blinking_on     ; 0                          ; 1                         ; 0                      ; 0                      ; 0                     ; 0                     ; 0                            ; 0                            ; 0                           ; 0                           ; 0                             ; 0                             ; 1                         ;
; current_state.blinking_off    ; 1                          ; 0                         ; 0                      ; 0                      ; 0                     ; 0                     ; 0                            ; 0                            ; 0                           ; 0                           ; 0                             ; 0                             ; 1                         ;
+-------------------------------+----------------------------+---------------------------+------------------------+------------------------+-----------------------+-----------------------+------------------------------+------------------------------+-----------------------------+-----------------------------+-------------------------------+-------------------------------+---------------------------+


+------------------------------------------------------+
; General Register Statistics                          ;
+----------------------------------------------+-------+
; Statistic                                    ; Value ;
+----------------------------------------------+-------+
; Total registers                              ; 40    ;
; Number of registers using Synchronous Clear  ; 26    ;
; Number of registers using Synchronous Load   ; 0     ;
; Number of registers using Asynchronous Clear ; 40    ;
; Number of registers using Asynchronous Load  ; 0     ;
; Number of registers using Clock Enable       ; 13    ;
; Number of registers using Preset             ; 0     ;
+----------------------------------------------+-------+


+-------------------------------------------------------------+
; Parameter Settings for User Entity Instance: gen_counter:u1 ;
+----------------+----------+---------------------------------+
; Parameter Name ; Value    ; Type                            ;
+----------------+----------+---------------------------------+
; wide           ; 26       ; Signed Integer                  ;
; max            ; 50000000 ; Signed Integer                  ;
+----------------+----------+---------------------------------+
Note: In order to hide this table in the UI and the text report file, please set the "Show Parameter Settings in Synthesis Report" option in "Analysis and Synthesis Settings -> More Settings" to "Off".


+------------------------------------------------------+
; Port Connectivity Checks: "traffic_segment_cntrl:u5" ;
+-------------+-------+----------+---------------------+
; Port        ; Type  ; Severity ; Details             ;
+-------------+-------+----------+---------------------+
; north_south ; Input ; Info     ; Stuck at GND        ;
+-------------+-------+----------+---------------------+


+------------------------------------------------------+
; Port Connectivity Checks: "traffic_segment_cntrl:u4" ;
+-------------+-------+----------+---------------------+
; Port        ; Type  ; Severity ; Details             ;
+-------------+-------+----------+---------------------+
; north_south ; Input ; Info     ; Stuck at GND        ;
+-------------+-------+----------+---------------------+


+------------------------------------------------------+
; Port Connectivity Checks: "traffic_segment_cntrl:u3" ;
+-------------+-------+----------+---------------------+
; Port        ; Type  ; Severity ; Details             ;
+-------------+-------+----------+---------------------+
; north_south ; Input ; Info     ; Stuck at VCC        ;
+-------------+-------+----------+---------------------+


+------------------------------------------------------+
; Port Connectivity Checks: "traffic_segment_cntrl:u2" ;
+-------------+-------+----------+---------------------+
; Port        ; Type  ; Severity ; Details             ;
+-------------+-------+----------+---------------------+
; north_south ; Input ; Info     ; Stuck at VCC        ;
+-------------+-------+----------+---------------------+


+------------------------------------------------------------------------------------------------------------------+
; Port Connectivity Checks: "gen_counter:u1"                                                                       ;
+--------+--------+----------+-------------------------------------------------------------------------------------+
; Port   ; Type   ; Severity ; Details                                                                             ;
+--------+--------+----------+-------------------------------------------------------------------------------------+
; data   ; Input  ; Info     ; Stuck at GND                                                                        ;
; load   ; Input  ; Info     ; Stuck at GND                                                                        ;
; enable ; Input  ; Info     ; Stuck at VCC                                                                        ;
; count  ; Output ; Info     ; Connected to dangling logic. Logic that only feeds a dangling port will be removed. ;
+--------+--------+----------+-------------------------------------------------------------------------------------+


+-----------------------------------------------------+
; Post-Synthesis Netlist Statistics for Top Partition ;
+-----------------------+-----------------------------+
; Type                  ; Count                       ;
+-----------------------+-----------------------------+
; arriav_ff             ; 40                          ;
;     CLR               ; 1                           ;
;     CLR SCLR          ; 26                          ;
;     ENA CLR           ; 13                          ;
; arriav_lcell_comb     ; 61                          ;
;     arith             ; 26                          ;
;         1 data inputs ; 26                          ;
;     normal            ; 35                          ;
;         0 data inputs ; 1                           ;
;         1 data inputs ; 8                           ;
;         2 data inputs ; 3                           ;
;         3 data inputs ; 5                           ;
;         4 data inputs ; 9                           ;
;         5 data inputs ; 2                           ;
;         6 data inputs ; 7                           ;
; boundary_port         ; 43                          ;
;                       ;                             ;
; Max LUT depth         ; 3.50                        ;
; Average LUT depth     ; 2.53                        ;
+-----------------------+-----------------------------+


+-------------------------------+
; Elapsed Time Per Partition    ;
+----------------+--------------+
; Partition Name ; Elapsed Time ;
+----------------+--------------+
; Top            ; 00:00:00     ;
+----------------+--------------+


+-------------------------------+
; Analysis & Synthesis Messages ;
+-------------------------------+
Info: *******************************************************************
Info: Running Quartus Prime Analysis & Synthesis
    Info: Version 18.0.0 Build 614 04/24/2018 SJ Lite Edition
    Info: Processing started: Fri Oct 19 23:22:28 2018
Info: Command: quartus_map --read_settings_files=on --write_settings_files=off DE1_base -c DE1_SOC_golden_top
Warning (18236): Number of processors has not been specified which may cause overloading on shared machines.  Set the global assignment NUM_PARALLEL_PROCESSORS in your QSF to an appropriate value for best performance.
Info (20030): Parallel compilation is enabled and will use 4 of the 4 processors detected
Info (12021): Found 2 design units, including 1 entities, in source file de1_top.vhd
    Info (12022): Found design unit 1: DE1_top-struct File: C:/Users/Mike/Desktop/Dorsey_Michael_Stiyer_Alex_Lab_1a_5b/Labs/lab6/DE1_top.vhd Line: 40
    Info (12023): Found entity 1: DE1_top File: C:/Users/Mike/Desktop/Dorsey_Michael_Stiyer_Alex_Lab_1a_5b/Labs/lab6/DE1_top.vhd Line: 6
Info (12021): Found 2 design units, including 1 entities, in source file counter.vhd
    Info (12022): Found design unit 1: gen_counter-rtl File: C:/Users/Mike/Desktop/Dorsey_Michael_Stiyer_Alex_Lab_1a_5b/Labs/lab6/counter.vhd Line: 22
    Info (12023): Found entity 1: gen_counter File: C:/Users/Mike/Desktop/Dorsey_Michael_Stiyer_Alex_Lab_1a_5b/Labs/lab6/counter.vhd Line: 5
Info (12021): Found 2 design units, including 1 entities, in source file traffic_contrl.vhd
    Info (12022): Found design unit 1: traffic_control-logic File: C:/Users/Mike/Desktop/Dorsey_Michael_Stiyer_Alex_Lab_1a_5b/Labs/lab6/traffic_contrl.vhd Line: 87
    Info (12023): Found entity 1: traffic_control File: C:/Users/Mike/Desktop/Dorsey_Michael_Stiyer_Alex_Lab_1a_5b/Labs/lab6/traffic_contrl.vhd Line: 22
Info (12021): Found 2 design units, including 1 entities, in source file traffic_segment_cntrl.vhd
    Info (12022): Found design unit 1: traffic_segment_cntrl-logic File: C:/Users/Mike/Desktop/Dorsey_Michael_Stiyer_Alex_Lab_1a_5b/Labs/lab6/traffic_segment_cntrl.vhd Line: 49
    Info (12023): Found entity 1: traffic_segment_cntrl File: C:/Users/Mike/Desktop/Dorsey_Michael_Stiyer_Alex_Lab_1a_5b/Labs/lab6/traffic_segment_cntrl.vhd Line: 22
Info (12127): Elaborating entity "DE1_top" for the top level hierarchy
Warning (10541): VHDL Signal Declaration warning at DE1_top.vhd(145): used implicit default value for signal "north_south" because signal was never assigned a value or an explicit default value. Use of implicit default value may introduce unintended design optimizations. File: C:/Users/Mike/Desktop/Dorsey_Michael_Stiyer_Alex_Lab_1a_5b/Labs/lab6/DE1_top.vhd Line: 145
Info (12128): Elaborating entity "gen_counter" for hierarchy "gen_counter:u1" File: C:/Users/Mike/Desktop/Dorsey_Michael_Stiyer_Alex_Lab_1a_5b/Labs/lab6/DE1_top.vhd Line: 155
Info (12128): Elaborating entity "traffic_segment_cntrl" for hierarchy "traffic_segment_cntrl:u2" File: C:/Users/Mike/Desktop/Dorsey_Michael_Stiyer_Alex_Lab_1a_5b/Labs/lab6/DE1_top.vhd Line: 172
Info (12128): Elaborating entity "traffic_control" for hierarchy "traffic_control:u6" File: C:/Users/Mike/Desktop/Dorsey_Michael_Stiyer_Alex_Lab_1a_5b/Labs/lab6/DE1_top.vhd Line: 200
Warning (13024): Output pins are stuck at VCC or GND
    Warning (13410): Pin "HEX0[4]" is stuck at VCC File: C:/Users/Mike/Desktop/Dorsey_Michael_Stiyer_Alex_Lab_1a_5b/Labs/lab6/DE1_top.vhd Line: 15
    Warning (13410): Pin "HEX0[5]" is stuck at VCC File: C:/Users/Mike/Desktop/Dorsey_Michael_Stiyer_Alex_Lab_1a_5b/Labs/lab6/DE1_top.vhd Line: 15
    Warning (13410): Pin "HEX1[4]" is stuck at VCC File: C:/Users/Mike/Desktop/Dorsey_Michael_Stiyer_Alex_Lab_1a_5b/Labs/lab6/DE1_top.vhd Line: 16
    Warning (13410): Pin "HEX1[5]" is stuck at VCC File: C:/Users/Mike/Desktop/Dorsey_Michael_Stiyer_Alex_Lab_1a_5b/Labs/lab6/DE1_top.vhd Line: 16
    Warning (13410): Pin "HEX2[4]" is stuck at VCC File: C:/Users/Mike/Desktop/Dorsey_Michael_Stiyer_Alex_Lab_1a_5b/Labs/lab6/DE1_top.vhd Line: 17
    Warning (13410): Pin "HEX2[5]" is stuck at VCC File: C:/Users/Mike/Desktop/Dorsey_Michael_Stiyer_Alex_Lab_1a_5b/Labs/lab6/DE1_top.vhd Line: 17
    Warning (13410): Pin "HEX3[4]" is stuck at VCC File: C:/Users/Mike/Desktop/Dorsey_Michael_Stiyer_Alex_Lab_1a_5b/Labs/lab6/DE1_top.vhd Line: 18
    Warning (13410): Pin "HEX3[5]" is stuck at VCC File: C:/Users/Mike/Desktop/Dorsey_Michael_Stiyer_Alex_Lab_1a_5b/Labs/lab6/DE1_top.vhd Line: 18
Info (286030): Timing-Driven Synthesis is running
Info (16010): Generating hard_block partition "hard_block:auto_generated_inst"
    Info (16011): Adding 0 node(s), including 0 DDIO, 0 PLL, 0 transceiver and 0 LCELL
Warning (21074): Design contains 10 input pin(s) that do not drive logic
    Warning (15610): No output dependent on input pin "KEY[1]" File: C:/Users/Mike/Desktop/Dorsey_Michael_Stiyer_Alex_Lab_1a_5b/Labs/lab6/DE1_top.vhd Line: 29
    Warning (15610): No output dependent on input pin "KEY[2]" File: C:/Users/Mike/Desktop/Dorsey_Michael_Stiyer_Alex_Lab_1a_5b/Labs/lab6/DE1_top.vhd Line: 29
    Warning (15610): No output dependent on input pin "KEY[3]" File: C:/Users/Mike/Desktop/Dorsey_Michael_Stiyer_Alex_Lab_1a_5b/Labs/lab6/DE1_top.vhd Line: 29
    Warning (15610): No output dependent on input pin "SW[3]" File: C:/Users/Mike/Desktop/Dorsey_Michael_Stiyer_Alex_Lab_1a_5b/Labs/lab6/DE1_top.vhd Line: 34
    Warning (15610): No output dependent on input pin "SW[4]" File: C:/Users/Mike/Desktop/Dorsey_Michael_Stiyer_Alex_Lab_1a_5b/Labs/lab6/DE1_top.vhd Line: 34
    Warning (15610): No output dependent on input pin "SW[5]" File: C:/Users/Mike/Desktop/Dorsey_Michael_Stiyer_Alex_Lab_1a_5b/Labs/lab6/DE1_top.vhd Line: 34
    Warning (15610): No output dependent on input pin "SW[6]" File: C:/Users/Mike/Desktop/Dorsey_Michael_Stiyer_Alex_Lab_1a_5b/Labs/lab6/DE1_top.vhd Line: 34
    Warning (15610): No output dependent on input pin "SW[7]" File: C:/Users/Mike/Desktop/Dorsey_Michael_Stiyer_Alex_Lab_1a_5b/Labs/lab6/DE1_top.vhd Line: 34
    Warning (15610): No output dependent on input pin "SW[8]" File: C:/Users/Mike/Desktop/Dorsey_Michael_Stiyer_Alex_Lab_1a_5b/Labs/lab6/DE1_top.vhd Line: 34
    Warning (15610): No output dependent on input pin "SW[9]" File: C:/Users/Mike/Desktop/Dorsey_Michael_Stiyer_Alex_Lab_1a_5b/Labs/lab6/DE1_top.vhd Line: 34
Info (21057): Implemented 102 device resources after synthesis - the final resource count might be different
    Info (21058): Implemented 15 input pins
    Info (21059): Implemented 28 output pins
    Info (21061): Implemented 59 logic cells
Info: Quartus Prime Analysis & Synthesis was successful. 0 errors, 22 warnings
    Info: Peak virtual memory: 4868 megabytes
    Info: Processing ended: Fri Oct 19 23:22:37 2018
    Info: Elapsed time: 00:00:09
    Info: Total CPU time (on all processors): 00:00:20


